{"total": {"lines":{"total":10270,"covered":9472,"skipped":0,"pct":92.22},"statements":{"total":11114,"covered":10135,"skipped":0,"pct":91.19},"functions":{"total":1735,"covered":1639,"skipped":0,"pct":94.46},"branches":{"total":7408,"covered":6177,"skipped":0,"pct":83.38},"branchesTrue":{"total":0,"covered":0,"skipped":0,"pct":100}}
,"/Users/yusuke/.openclaw/workspace/DeadStockSolution/server/src/app.ts": {"lines":{"total":113,"covered":82,"skipped":0,"pct":72.56},"functions":{"total":13,"covered":7,"skipped":0,"pct":53.84},"statements":{"total":113,"covered":82,"skipped":0,"pct":72.56},"branches":{"total":55,"covered":21,"skipped":0,"pct":38.18}}
,"/Users/yusuke/.openclaw/workspace/DeadStockSolution/server/src/config/database-url.ts": {"lines":{"total":16,"covered":15,"skipped":0,"pct":93.75},"functions":{"total":4,"covered":4,"skipped":0,"pct":100},"statements":{"total":16,"covered":15,"skipped":0,"pct":93.75},"branches":{"total":28,"covered":27,"skipped":0,"pct":96.42}}
,"/Users/yusuke/.openclaw/workspace/DeadStockSolution/server/src/config/database.ts": {"lines":{"total":3,"covered":3,"skipped":0,"pct":100},"functions":{"total":0,"covered":0,"skipped":0,"pct":100},"statements":{"total":3,"covered":3,"skipped":0,"pct":100},"branches":{"total":0,"covered":0,"skipped":0,"pct":100}}
,"/Users/yusuke/.openclaw/workspace/DeadStockSolution/server/src/config/env.ts": {"lines":{"total":25,"covered":25,"skipped":0,"pct":100},"functions":{"total":5,"covered":5,"skipped":0,"pct":100},"statements":{"total":25,"covered":25,"skipped":0,"pct":100},"branches":{"total":26,"covered":26,"skipped":0,"pct":100}}
,"/Users/yusuke/.openclaw/workspace/DeadStockSolution/server/src/config/sentry.ts": {"lines":{"total":5,"covered":3,"skipped":0,"pct":60},"functions":{"total":2,"covered":2,"skipped":0,"pct":100},"statements":{"total":7,"covered":5,"skipped":0,"pct":71.42},"branches":{"total":6,"covered":2,"skipped":0,"pct":33.33}}
,"/Users/yusuke/.openclaw/workspace/DeadStockSolution/server/src/config/test-login-feature.ts": {"lines":{"total":6,"covered":6,"skipped":0,"pct":100},"functions":{"total":1,"covered":1,"skipped":0,"pct":100},"statements":{"total":9,"covered":9,"skipped":0,"pct":100},"branches":{"total":7,"covered":7,"skipped":0,"pct":100}}
,"/Users/yusuke/.openclaw/workspace/DeadStockSolution/server/src/config/test-pharmacy-schema.ts": {"lines":{"total":17,"covered":17,"skipped":0,"pct":100},"functions":{"total":2,"covered":2,"skipped":0,"pct":100},"statements":{"total":17,"covered":17,"skipped":0,"pct":100},"branches":{"total":6,"covered":6,"skipped":0,"pct":100}}
,"/Users/yusuke/.openclaw/workspace/DeadStockSolution/server/src/db/performance-scale-indexes.ts": {"lines":{"total":11,"covered":11,"skipped":0,"pct":100},"functions":{"total":1,"covered":1,"skipped":0,"pct":100},"statements":{"total":11,"covered":11,"skipped":0,"pct":100},"branches":{"total":3,"covered":2,"skipped":0,"pct":66.66}}
,"/Users/yusuke/.openclaw/workspace/DeadStockSolution/server/src/middleware/auth.ts": {"lines":{"total":81,"covered":66,"skipped":0,"pct":81.48},"functions":{"total":10,"covered":9,"skipped":0,"pct":90},"statements":{"total":86,"covered":70,"skipped":0,"pct":81.39},"branches":{"total":53,"covered":42,"skipped":0,"pct":79.24}}
,"/Users/yusuke/.openclaw/workspace/DeadStockSolution/server/src/middleware/csrf.ts": {"lines":{"total":32,"covered":32,"skipped":0,"pct":100},"functions":{"total":8,"covered":8,"skipped":0,"pct":100},"statements":{"total":32,"covered":32,"skipped":0,"pct":100},"branches":{"total":23,"covered":23,"skipped":0,"pct":100}}
,"/Users/yusuke/.openclaw/workspace/DeadStockSolution/server/src/middleware/error-handler.ts": {"lines":{"total":37,"covered":37,"skipped":0,"pct":100},"functions":{"total":7,"covered":7,"skipped":0,"pct":100},"statements":{"total":37,"covered":37,"skipped":0,"pct":100},"branches":{"total":41,"covered":41,"skipped":0,"pct":100}}
,"/Users/yusuke/.openclaw/workspace/DeadStockSolution/server/src/middleware/request-logger.ts": {"lines":{"total":34,"covered":34,"skipped":0,"pct":100},"functions":{"total":4,"covered":4,"skipped":0,"pct":100},"statements":{"total":34,"covered":34,"skipped":0,"pct":100},"branches":{"total":24,"covered":24,"skipped":0,"pct":100}}
,"/Users/yusuke/.openclaw/workspace/DeadStockSolution/server/src/middleware/upload-middleware.ts": {"lines":{"total":6,"covered":6,"skipped":0,"pct":100},"functions":{"total":2,"covered":2,"skipped":0,"pct":100},"statements":{"total":6,"covered":6,"skipped":0,"pct":100},"branches":{"total":4,"covered":4,"skipped":0,"pct":100}}
,"/Users/yusuke/.openclaw/workspace/DeadStockSolution/server/src/routes/account.ts": {"lines":{"total":196,"covered":190,"skipped":0,"pct":96.93},"functions":{"total":8,"covered":7,"skipped":0,"pct":87.5},"statements":{"total":201,"covered":194,"skipped":0,"pct":96.51},"branches":{"total":155,"covered":141,"skipped":0,"pct":90.96}}
,"/Users/yusuke/.openclaw/workspace/DeadStockSolution/server/src/routes/admin-error-codes.ts": {"lines":{"total":39,"covered":39,"skipped":0,"pct":100},"functions":{"total":3,"covered":3,"skipped":0,"pct":100},"statements":{"total":42,"covered":42,"skipped":0,"pct":100},"branches":{"total":24,"covered":24,"skipped":0,"pct":100}}
,"/Users/yusuke/.openclaw/workspace/DeadStockSolution/server/src/routes/admin-log-center.ts": {"lines":{"total":61,"covered":61,"skipped":0,"pct":100},"functions":{"total":6,"covered":6,"skipped":0,"pct":100},"statements":{"total":71,"covered":69,"skipped":0,"pct":97.18},"branches":{"total":56,"covered":51,"skipped":0,"pct":91.07}}
,"/Users/yusuke/.openclaw/workspace/DeadStockSolution/server/src/routes/admin-logs.ts": {"lines":{"total":78,"covered":76,"skipped":0,"pct":97.43},"functions":{"total":21,"covered":21,"skipped":0,"pct":100},"statements":{"total":85,"covered":83,"skipped":0,"pct":97.64},"branches":{"total":57,"covered":51,"skipped":0,"pct":89.47}}
,"/Users/yusuke/.openclaw/workspace/DeadStockSolution/server/src/routes/admin-matching-rules.ts": {"lines":{"total":30,"covered":30,"skipped":0,"pct":100},"functions":{"total":4,"covered":4,"skipped":0,"pct":100},"statements":{"total":30,"covered":30,"skipped":0,"pct":100},"branches":{"total":14,"covered":11,"skipped":0,"pct":78.57}}
,"/Users/yusuke/.openclaw/workspace/DeadStockSolution/server/src/routes/admin-pharmacies-actions.ts": {"lines":{"total":95,"covered":95,"skipped":0,"pct":100},"functions":{"total":9,"covered":9,"skipped":0,"pct":100},"statements":{"total":98,"covered":98,"skipped":0,"pct":100},"branches":{"total":58,"covered":58,"skipped":0,"pct":100}}
,"/Users/yusuke/.openclaw/workspace/DeadStockSolution/server/src/routes/admin-pharmacies-detail-helpers.ts": {"lines":{"total":125,"covered":122,"skipped":0,"pct":97.6},"functions":{"total":19,"covered":19,"skipped":0,"pct":100},"statements":{"total":141,"covered":138,"skipped":0,"pct":97.87},"branches":{"total":110,"covered":103,"skipped":0,"pct":93.63}}
,"/Users/yusuke/.openclaw/workspace/DeadStockSolution/server/src/routes/admin-pharmacies-detail.ts": {"lines":{"total":125,"covered":125,"skipped":0,"pct":100},"functions":{"total":9,"covered":9,"skipped":0,"pct":100},"statements":{"total":133,"covered":131,"skipped":0,"pct":98.49},"branches":{"total":66,"covered":61,"skipped":0,"pct":92.42}}
,"/Users/yusuke/.openclaw/workspace/DeadStockSolution/server/src/routes/admin-pharmacies-list.ts": {"lines":{"total":39,"covered":34,"skipped":0,"pct":87.17},"functions":{"total":9,"covered":9,"skipped":0,"pct":100},"statements":{"total":43,"covered":38,"skipped":0,"pct":88.37},"branches":{"total":8,"covered":7,"skipped":0,"pct":87.5}}
,"/Users/yusuke/.openclaw/workspace/DeadStockSolution/server/src/routes/admin-pharmacies.ts": {"lines":{"total":4,"covered":4,"skipped":0,"pct":100},"functions":{"total":0,"covered":0,"skipped":0,"pct":100},"statements":{"total":4,"covered":4,"skipped":0,"pct":100},"branches":{"total":0,"covered":0,"skipped":0,"pct":100}}
,"/Users/yusuke/.openclaw/workspace/DeadStockSolution/server/src/routes/admin-reports.ts": {"lines":{"total":41,"covered":38,"skipped":0,"pct":92.68},"functions":{"total":3,"covered":3,"skipped":0,"pct":100},"statements":{"total":42,"covered":39,"skipped":0,"pct":92.85},"branches":{"total":20,"covered":18,"skipped":0,"pct":90}}
,"/Users/yusuke/.openclaw/workspace/DeadStockSolution/server/src/routes/admin-risk.ts": {"lines":{"total":12,"covered":12,"skipped":0,"pct":100},"functions":{"total":2,"covered":2,"skipped":0,"pct":100},"statements":{"total":12,"covered":12,"skipped":0,"pct":100},"branches":{"total":0,"covered":0,"skipped":0,"pct":100}}
,"/Users/yusuke/.openclaw/workspace/DeadStockSolution/server/src/routes/admin-stats.ts": {"lines":{"total":26,"covered":26,"skipped":0,"pct":100},"functions":{"total":4,"covered":4,"skipped":0,"pct":100},"statements":{"total":26,"covered":26,"skipped":0,"pct":100},"branches":{"total":6,"covered":5,"skipped":0,"pct":83.33}}
,"/Users/yusuke/.openclaw/workspace/DeadStockSolution/server/src/routes/admin-trust.ts": {"lines":{"total":13,"covered":11,"skipped":0,"pct":84.61},"functions":{"total":2,"covered":2,"skipped":0,"pct":100},"statements":{"total":13,"covered":11,"skipped":0,"pct":84.61},"branches":{"total":2,"covered":2,"skipped":0,"pct":100}}
,"/Users/yusuke/.openclaw/workspace/DeadStockSolution/server/src/routes/admin-upload-jobs.ts": {"lines":{"total":88,"covered":88,"skipped":0,"pct":100},"functions":{"total":7,"covered":7,"skipped":0,"pct":100},"statements":{"total":95,"covered":94,"skipped":0,"pct":98.94},"branches":{"total":66,"covered":65,"skipped":0,"pct":98.48}}
,"/Users/yusuke/.openclaw/workspace/DeadStockSolution/server/src/routes/admin-utils.ts": {"lines":{"total":9,"covered":9,"skipped":0,"pct":100},"functions":{"total":4,"covered":4,"skipped":0,"pct":100},"statements":{"total":9,"covered":9,"skipped":0,"pct":100},"branches":{"total":6,"covered":5,"skipped":0,"pct":83.33}}
,"/Users/yusuke/.openclaw/workspace/DeadStockSolution/server/src/routes/admin-write-limiter.ts": {"lines":{"total":1,"covered":1,"skipped":0,"pct":100},"functions":{"total":0,"covered":0,"skipped":0,"pct":100},"statements":{"total":1,"covered":1,"skipped":0,"pct":100},"branches":{"total":0,"covered":0,"skipped":0,"pct":100}}
,"/Users/yusuke/.openclaw/workspace/DeadStockSolution/server/src/routes/admin.ts": {"lines":{"total":11,"covered":11,"skipped":0,"pct":100},"functions":{"total":0,"covered":0,"skipped":0,"pct":100},"statements":{"total":11,"covered":11,"skipped":0,"pct":100},"branches":{"total":0,"covered":0,"skipped":0,"pct":100}}
,"/Users/yusuke/.openclaw/workspace/DeadStockSolution/server/src/routes/api.subscriptions.checkout.ts": {"lines":{"total":24,"covered":22,"skipped":0,"pct":91.66},"functions":{"total":1,"covered":1,"skipped":0,"pct":100},"statements":{"total":24,"covered":22,"skipped":0,"pct":91.66},"branches":{"total":15,"covered":14,"skipped":0,"pct":93.33}}
,"/Users/yusuke/.openclaw/workspace/DeadStockSolution/server/src/routes/api.subscriptions.ts": {"lines":{"total":104,"covered":68,"skipped":0,"pct":65.38},"functions":{"total":5,"covered":5,"skipped":0,"pct":100},"statements":{"total":104,"covered":68,"skipped":0,"pct":65.38},"branches":{"total":51,"covered":33,"skipped":0,"pct":64.7}}
,"/Users/yusuke/.openclaw/workspace/DeadStockSolution/server/src/routes/auth-helpers.ts": {"lines":{"total":152,"covered":142,"skipped":0,"pct":93.42},"functions":{"total":57,"covered":56,"skipped":0,"pct":98.24},"statements":{"total":160,"covered":149,"skipped":0,"pct":93.12},"branches":{"total":108,"covered":89,"skipped":0,"pct":82.4}}
,"/Users/yusuke/.openclaw/workspace/DeadStockSolution/server/src/routes/auth.ts": {"lines":{"total":150,"covered":149,"skipped":0,"pct":99.33},"functions":{"total":10,"covered":8,"skipped":0,"pct":80},"statements":{"total":151,"covered":149,"skipped":0,"pct":98.67},"branches":{"total":58,"covered":56,"skipped":0,"pct":96.55}}
,"/Users/yusuke/.openclaw/workspace/DeadStockSolution/server/src/routes/business-hours.ts": {"lines":{"total":160,"covered":159,"skipped":0,"pct":99.37},"functions":{"total":19,"covered":19,"skipped":0,"pct":100},"statements":{"total":168,"covered":164,"skipped":0,"pct":97.61},"branches":{"total":142,"covered":134,"skipped":0,"pct":94.36}}
,"/Users/yusuke/.openclaw/workspace/DeadStockSolution/server/src/routes/drug-master-crud.ts": {"lines":{"total":87,"covered":87,"skipped":0,"pct":100},"functions":{"total":6,"covered":6,"skipped":0,"pct":100},"statements":{"total":89,"covered":89,"skipped":0,"pct":100},"branches":{"total":80,"covered":70,"skipped":0,"pct":87.5}}
,"/Users/yusuke/.openclaw/workspace/DeadStockSolution/server/src/routes/drug-master-sync.ts": {"lines":{"total":180,"covered":170,"skipped":0,"pct":94.44},"functions":{"total":26,"covered":24,"skipped":0,"pct":92.3},"statements":{"total":189,"covered":176,"skipped":0,"pct":93.12},"branches":{"total":108,"covered":83,"skipped":0,"pct":76.85}}
,"/Users/yusuke/.openclaw/workspace/DeadStockSolution/server/src/routes/drug-master.ts": {"lines":{"total":5,"covered":5,"skipped":0,"pct":100},"functions":{"total":0,"covered":0,"skipped":0,"pct":100},"statements":{"total":5,"covered":5,"skipped":0,"pct":100},"branches":{"total":0,"covered":0,"skipped":0,"pct":100}}
,"/Users/yusuke/.openclaw/workspace/DeadStockSolution/server/src/routes/exchange-comments.ts": {"lines":{"total":122,"covered":120,"skipped":0,"pct":98.36},"functions":{"total":10,"covered":10,"skipped":0,"pct":100},"statements":{"total":130,"covered":127,"skipped":0,"pct":97.69},"branches":{"total":90,"covered":82,"skipped":0,"pct":91.11}}
,"/Users/yusuke/.openclaw/workspace/DeadStockSolution/server/src/routes/exchange-feedback.ts": {"lines":{"total":30,"covered":30,"skipped":0,"pct":100},"functions":{"total":1,"covered":1,"skipped":0,"pct":100},"statements":{"total":31,"covered":31,"skipped":0,"pct":100},"branches":{"total":21,"covered":18,"skipped":0,"pct":85.71}}
,"/Users/yusuke/.openclaw/workspace/DeadStockSolution/server/src/routes/exchange-history.ts": {"lines":{"total":37,"covered":37,"skipped":0,"pct":100},"functions":{"total":5,"covered":5,"skipped":0,"pct":100},"statements":{"total":45,"covered":42,"skipped":0,"pct":93.33},"branches":{"total":54,"covered":47,"skipped":0,"pct":87.03}}
,"/Users/yusuke/.openclaw/workspace/DeadStockSolution/server/src/routes/exchange-proposals.ts": {"lines":{"total":157,"covered":155,"skipped":0,"pct":98.72},"functions":{"total":31,"covered":31,"skipped":0,"pct":100},"statements":{"total":168,"covered":165,"skipped":0,"pct":98.21},"branches":{"total":73,"covered":64,"skipped":0,"pct":87.67}}
,"/Users/yusuke/.openclaw/workspace/DeadStockSolution/server/src/routes/exchange-utils.ts": {"lines":{"total":5,"covered":5,"skipped":0,"pct":100},"functions":{"total":1,"covered":1,"skipped":0,"pct":100},"statements":{"total":5,"covered":5,"skipped":0,"pct":100},"branches":{"total":4,"covered":3,"skipped":0,"pct":75}}
,"/Users/yusuke/.openclaw/workspace/DeadStockSolution/server/src/routes/exchange.ts": {"lines":{"total":6,"covered":6,"skipped":0,"pct":100},"functions":{"total":0,"covered":0,"skipped":0,"pct":100},"statements":{"total":6,"covered":6,"skipped":0,"pct":100},"branches":{"total":0,"covered":0,"skipped":0,"pct":100}}
,"/Users/yusuke/.openclaw/workspace/DeadStockSolution/server/src/routes/internal-cron-auth.ts": {"lines":{"total":11,"covered":11,"skipped":0,"pct":100},"functions":{"total":2,"covered":2,"skipped":0,"pct":100},"statements":{"total":12,"covered":12,"skipped":0,"pct":100},"branches":{"total":12,"covered":12,"skipped":0,"pct":100}}
,"/Users/yusuke/.openclaw/workspace/DeadStockSolution/server/src/routes/internal-matching-refresh.ts": {"lines":{"total":16,"covered":14,"skipped":0,"pct":87.5},"functions":{"total":1,"covered":1,"skipped":0,"pct":100},"statements":{"total":16,"covered":14,"skipped":0,"pct":87.5},"branches":{"total":8,"covered":6,"skipped":0,"pct":75}}
,"/Users/yusuke/.openclaw/workspace/DeadStockSolution/server/src/routes/internal-monitoring.ts": {"lines":{"total":20,"covered":18,"skipped":0,"pct":90},"functions":{"total":1,"covered":1,"skipped":0,"pct":100},"statements":{"total":20,"covered":18,"skipped":0,"pct":90},"branches":{"total":14,"covered":12,"skipped":0,"pct":85.71}}
,"/Users/yusuke/.openclaw/workspace/DeadStockSolution/server/src/routes/internal-monthly-reports.ts": {"lines":{"total":31,"covered":29,"skipped":0,"pct":93.54},"functions":{"total":1,"covered":1,"skipped":0,"pct":100},"statements":{"total":31,"covered":29,"skipped":0,"pct":93.54},"branches":{"total":26,"covered":23,"skipped":0,"pct":88.46}}
,"/Users/yusuke/.openclaw/workspace/DeadStockSolution/server/src/routes/internal-predictive-alerts.ts": {"lines":{"total":25,"covered":23,"skipped":0,"pct":92},"functions":{"total":1,"covered":1,"skipped":0,"pct":100},"statements":{"total":25,"covered":23,"skipped":0,"pct":92},"branches":{"total":16,"covered":12,"skipped":0,"pct":75}}
,"/Users/yusuke/.openclaw/workspace/DeadStockSolution/server/src/routes/internal-upload-jobs.ts": {"lines":{"total":25,"covered":23,"skipped":0,"pct":92},"functions":{"total":1,"covered":1,"skipped":0,"pct":100},"statements":{"total":25,"covered":23,"skipped":0,"pct":92},"branches":{"total":12,"covered":10,"skipped":0,"pct":83.33}}
,"/Users/yusuke/.openclaw/workspace/DeadStockSolution/server/src/routes/internal-vercel-deploy-events.ts": {"lines":{"total":70,"covered":69,"skipped":0,"pct":98.57},"functions":{"total":8,"covered":8,"skipped":0,"pct":100},"statements":{"total":79,"covered":77,"skipped":0,"pct":97.46},"branches":{"total":68,"covered":61,"skipped":0,"pct":89.7}}
,"/Users/yusuke/.openclaw/workspace/DeadStockSolution/server/src/routes/inventory.ts": {"lines":{"total":122,"covered":108,"skipped":0,"pct":88.52},"functions":{"total":15,"covered":14,"skipped":0,"pct":93.33},"statements":{"total":126,"covered":111,"skipped":0,"pct":88.09},"branches":{"total":48,"covered":31,"skipped":0,"pct":64.58}}
,"/Users/yusuke/.openclaw/workspace/DeadStockSolution/server/src/routes/notifications-helpers.ts": {"lines":{"total":125,"covered":115,"skipped":0,"pct":92},"functions":{"total":22,"covered":21,"skipped":0,"pct":95.45},"statements":{"total":156,"covered":130,"skipped":0,"pct":83.33},"branches":{"total":151,"covered":123,"skipped":0,"pct":81.45}}
,"/Users/yusuke/.openclaw/workspace/DeadStockSolution/server/src/routes/notifications.ts": {"lines":{"total":122,"covered":120,"skipped":0,"pct":98.36},"functions":{"total":13,"covered":10,"skipped":0,"pct":76.92},"statements":{"total":128,"covered":125,"skipped":0,"pct":97.65},"branches":{"total":46,"covered":43,"skipped":0,"pct":93.47}}
,"/Users/yusuke/.openclaw/workspace/DeadStockSolution/server/src/routes/openclaw-commands.ts": {"lines":{"total":44,"covered":43,"skipped":0,"pct":97.72},"functions":{"total":2,"covered":2,"skipped":0,"pct":100},"statements":{"total":44,"covered":43,"skipped":0,"pct":97.72},"branches":{"total":18,"covered":17,"skipped":0,"pct":94.44}}
,"/Users/yusuke/.openclaw/workspace/DeadStockSolution/server/src/routes/openclaw.ts": {"lines":{"total":85,"covered":82,"skipped":0,"pct":96.47},"functions":{"total":5,"covered":5,"skipped":0,"pct":100},"statements":{"total":87,"covered":83,"skipped":0,"pct":95.4},"branches":{"total":68,"covered":58,"skipped":0,"pct":85.29}}
,"/Users/yusuke/.openclaw/workspace/DeadStockSolution/server/src/routes/pharmacies.ts": {"lines":{"total":110,"covered":105,"skipped":0,"pct":95.45},"functions":{"total":20,"covered":19,"skipped":0,"pct":95},"statements":{"total":114,"covered":108,"skipped":0,"pct":94.73},"branches":{"total":73,"covered":59,"skipped":0,"pct":80.82}}
,"/Users/yusuke/.openclaw/workspace/DeadStockSolution/server/src/routes/requests.ts": {"lines":{"total":35,"covered":31,"skipped":0,"pct":88.57},"functions":{"total":2,"covered":2,"skipped":0,"pct":100},"statements":{"total":35,"covered":31,"skipped":0,"pct":88.57},"branches":{"total":16,"covered":13,"skipped":0,"pct":81.25}}
,"/Users/yusuke/.openclaw/workspace/DeadStockSolution/server/src/routes/search.ts": {"lines":{"total":56,"covered":50,"skipped":0,"pct":89.28},"functions":{"total":9,"covered":9,"skipped":0,"pct":100},"statements":{"total":63,"covered":56,"skipped":0,"pct":88.88},"branches":{"total":16,"covered":11,"skipped":0,"pct":68.75}}
,"/Users/yusuke/.openclaw/workspace/DeadStockSolution/server/src/routes/statistics.ts": {"lines":{"total":50,"covered":43,"skipped":0,"pct":86},"functions":{"total":9,"covered":9,"skipped":0,"pct":100},"statements":{"total":57,"covered":46,"skipped":0,"pct":80.7},"branches":{"total":64,"covered":35,"skipped":0,"pct":54.68}}
,"/Users/yusuke/.openclaw/workspace/DeadStockSolution/server/src/routes/stripe-webhook.ts": {"lines":{"total":127,"covered":2,"skipped":0,"pct":1.57},"functions":{"total":9,"covered":0,"skipped":0,"pct":0},"statements":{"total":127,"covered":2,"skipped":0,"pct":1.57},"branches":{"total":85,"covered":0,"skipped":0,"pct":0}}
,"/Users/yusuke/.openclaw/workspace/DeadStockSolution/server/src/routes/timeline.ts": {"lines":{"total":60,"covered":56,"skipped":0,"pct":93.33},"functions":{"total":8,"covered":8,"skipped":0,"pct":100},"statements":{"total":66,"covered":59,"skipped":0,"pct":89.39},"branches":{"total":32,"covered":28,"skipped":0,"pct":87.5}}
,"/Users/yusuke/.openclaw/workspace/DeadStockSolution/server/src/routes/updates.ts": {"lines":{"total":8,"covered":8,"skipped":0,"pct":100},"functions":{"total":1,"covered":1,"skipped":0,"pct":100},"statements":{"total":8,"covered":8,"skipped":0,"pct":100},"branches":{"total":2,"covered":2,"skipped":0,"pct":100}}
,"/Users/yusuke/.openclaw/workspace/DeadStockSolution/server/src/routes/upload-parser-helpers.ts": {"lines":{"total":140,"covered":136,"skipped":0,"pct":97.14},"functions":{"total":23,"covered":20,"skipped":0,"pct":86.95},"statements":{"total":169,"covered":155,"skipped":0,"pct":91.71},"branches":{"total":112,"covered":95,"skipped":0,"pct":84.82}}
,"/Users/yusuke/.openclaw/workspace/DeadStockSolution/server/src/routes/upload-parser.ts": {"lines":{"total":130,"covered":130,"skipped":0,"pct":100},"functions":{"total":15,"covered":10,"skipped":0,"pct":66.66},"statements":{"total":146,"covered":135,"skipped":0,"pct":92.46},"branches":{"total":113,"covered":89,"skipped":0,"pct":78.76}}
,"/Users/yusuke/.openclaw/workspace/DeadStockSolution/server/src/routes/upload-validation.ts": {"lines":{"total":127,"covered":121,"skipped":0,"pct":95.27},"functions":{"total":17,"covered":16,"skipped":0,"pct":94.11},"statements":{"total":135,"covered":127,"skipped":0,"pct":94.07},"branches":{"total":108,"covered":103,"skipped":0,"pct":95.37}}
,"/Users/yusuke/.openclaw/workspace/DeadStockSolution/server/src/routes/upload.ts": {"lines":{"total":17,"covered":17,"skipped":0,"pct":100},"functions":{"total":2,"covered":1,"skipped":0,"pct":50},"statements":{"total":20,"covered":19,"skipped":0,"pct":95},"branches":{"total":8,"covered":6,"skipped":0,"pct":75}}
,"/Users/yusuke/.openclaw/workspace/DeadStockSolution/server/src/routes/verification.ts": {"lines":{"total":14,"covered":13,"skipped":0,"pct":92.85},"functions":{"total":1,"covered":1,"skipped":0,"pct":100},"statements":{"total":14,"covered":13,"skipped":0,"pct":92.85},"branches":{"total":6,"covered":6,"skipped":0,"pct":100}}
,"/Users/yusuke/.openclaw/workspace/DeadStockSolution/server/src/services/admin-upload-job-service.ts": {"lines":{"total":71,"covered":71,"skipped":0,"pct":100},"functions":{"total":14,"covered":14,"skipped":0,"pct":100},"statements":{"total":78,"covered":78,"skipped":0,"pct":100},"branches":{"total":62,"covered":58,"skipped":0,"pct":93.54}}
,"/Users/yusuke/.openclaw/workspace/DeadStockSolution/server/src/services/auth-service.ts": {"lines":{"total":22,"covered":20,"skipped":0,"pct":90.9},"functions":{"total":9,"covered":7,"skipped":0,"pct":77.77},"statements":{"total":23,"covered":21,"skipped":0,"pct":91.3},"branches":{"total":13,"covered":10,"skipped":0,"pct":76.92}}
,"/Users/yusuke/.openclaw/workspace/DeadStockSolution/server/src/services/camera-dead-stock-service.ts": {"lines":{"total":171,"covered":154,"skipped":0,"pct":90.05},"functions":{"total":30,"covered":30,"skipped":0,"pct":100},"statements":{"total":186,"covered":168,"skipped":0,"pct":90.32},"branches":{"total":159,"covered":106,"skipped":0,"pct":66.66}}
,"/Users/yusuke/.openclaw/workspace/DeadStockSolution/server/src/services/column-mapper.ts": {"lines":{"total":136,"covered":135,"skipped":0,"pct":99.26},"functions":{"total":19,"covered":19,"skipped":0,"pct":100},"statements":{"total":161,"covered":155,"skipped":0,"pct":96.27},"branches":{"total":96,"covered":83,"skipped":0,"pct":86.45}}
,"/Users/yusuke/.openclaw/workspace/DeadStockSolution/server/src/services/data-extractor.ts": {"lines":{"total":57,"covered":53,"skipped":0,"pct":92.98},"functions":{"total":13,"covered":13,"skipped":0,"pct":100},"statements":{"total":66,"covered":59,"skipped":0,"pct":89.39},"branches":{"total":43,"covered":32,"skipped":0,"pct":74.41}}
,"/Users/yusuke/.openclaw/workspace/DeadStockSolution/server/src/services/drug-master-enrichment.ts": {"lines":{"total":128,"covered":126,"skipped":0,"pct":98.43},"functions":{"total":17,"covered":17,"skipped":0,"pct":100},"statements":{"total":145,"covered":136,"skipped":0,"pct":93.79},"branches":{"total":101,"covered":78,"skipped":0,"pct":77.22}}
,"/Users/yusuke/.openclaw/workspace/DeadStockSolution/server/src/services/drug-master-lookup-service.ts": {"lines":{"total":44,"covered":44,"skipped":0,"pct":100},"functions":{"total":10,"covered":10,"skipped":0,"pct":100},"statements":{"total":50,"covered":50,"skipped":0,"pct":100},"branches":{"total":28,"covered":26,"skipped":0,"pct":92.85}}
,"/Users/yusuke/.openclaw/workspace/DeadStockSolution/server/src/services/drug-master-parser-service.ts": {"lines":{"total":227,"covered":211,"skipped":0,"pct":92.95},"functions":{"total":28,"covered":26,"skipped":0,"pct":92.85},"statements":{"total":262,"covered":239,"skipped":0,"pct":91.22},"branches":{"total":177,"covered":155,"skipped":0,"pct":87.57}}
,"/Users/yusuke/.openclaw/workspace/DeadStockSolution/server/src/services/drug-master-scheduler.ts": {"lines":{"total":163,"covered":121,"skipped":0,"pct":74.23},"functions":{"total":21,"covered":14,"skipped":0,"pct":66.66},"statements":{"total":165,"covered":123,"skipped":0,"pct":74.54},"branches":{"total":96,"covered":70,"skipped":0,"pct":72.91}}
,"/Users/yusuke/.openclaw/workspace/DeadStockSolution/server/src/services/drug-master-service.ts": {"lines":{"total":0,"covered":0,"skipped":0,"pct":100},"functions":{"total":0,"covered":0,"skipped":0,"pct":100},"statements":{"total":0,"covered":0,"skipped":0,"pct":100},"branches":{"total":0,"covered":0,"skipped":0,"pct":100}}
,"/Users/yusuke/.openclaw/workspace/DeadStockSolution/server/src/services/drug-master-source-state-service.ts": {"lines":{"total":11,"covered":11,"skipped":0,"pct":100},"functions":{"total":6,"covered":6,"skipped":0,"pct":100},"statements":{"total":11,"covered":11,"skipped":0,"pct":100},"branches":{"total":30,"covered":28,"skipped":0,"pct":93.33}}
,"/Users/yusuke/.openclaw/workspace/DeadStockSolution/server/src/services/drug-master-sync-service.ts": {"lines":{"total":134,"covered":134,"skipped":0,"pct":100},"functions":{"total":23,"covered":23,"skipped":0,"pct":100},"statements":{"total":156,"covered":155,"skipped":0,"pct":99.35},"branches":{"total":95,"covered":87,"skipped":0,"pct":91.57}}
,"/Users/yusuke/.openclaw/workspace/DeadStockSolution/server/src/services/drug-package-scheduler.ts": {"lines":{"total":170,"covered":130,"skipped":0,"pct":76.47},"functions":{"total":21,"covered":14,"skipped":0,"pct":66.66},"statements":{"total":173,"covered":133,"skipped":0,"pct":76.87},"branches":{"total":99,"covered":76,"skipped":0,"pct":76.76}}
,"/Users/yusuke/.openclaw/workspace/DeadStockSolution/server/src/services/error-code-service.ts": {"lines":{"total":42,"covered":42,"skipped":0,"pct":100},"functions":{"total":6,"covered":6,"skipped":0,"pct":100},"statements":{"total":42,"covered":42,"skipped":0,"pct":100},"branches":{"total":45,"covered":40,"skipped":0,"pct":88.88}}
,"/Users/yusuke/.openclaw/workspace/DeadStockSolution/server/src/services/error-fix-context.ts": {"lines":{"total":9,"covered":9,"skipped":0,"pct":100},"functions":{"total":2,"covered":2,"skipped":0,"pct":100},"statements":{"total":11,"covered":11,"skipped":0,"pct":100},"branches":{"total":16,"covered":15,"skipped":0,"pct":93.75}}
,"/Users/yusuke/.openclaw/workspace/DeadStockSolution/server/src/services/exchange-service.ts": {"lines":{"total":153,"covered":150,"skipped":0,"pct":98.03},"functions":{"total":33,"covered":33,"skipped":0,"pct":100},"statements":{"total":169,"covered":166,"skipped":0,"pct":98.22},"branches":{"total":114,"covered":105,"skipped":0,"pct":92.1}}
,"/Users/yusuke/.openclaw/workspace/DeadStockSolution/server/src/services/expiry-risk-service.ts": {"lines":{"total":131,"covered":127,"skipped":0,"pct":96.94},"functions":{"total":27,"covered":27,"skipped":0,"pct":100},"statements":{"total":144,"covered":137,"skipped":0,"pct":95.13},"branches":{"total":78,"covered":61,"skipped":0,"pct":78.2}}
,"/Users/yusuke/.openclaw/workspace/DeadStockSolution/server/src/services/geocode-service.ts": {"lines":{"total":38,"covered":35,"skipped":0,"pct":92.1},"functions":{"total":3,"covered":3,"skipped":0,"pct":100},"statements":{"total":39,"covered":36,"skipped":0,"pct":92.3},"branches":{"total":32,"covered":28,"skipped":0,"pct":87.5}}
,"/Users/yusuke/.openclaw/workspace/DeadStockSolution/server/src/services/github-updates-service.ts": {"lines":{"total":78,"covered":76,"skipped":0,"pct":97.43},"functions":{"total":19,"covered":18,"skipped":0,"pct":94.73},"statements":{"total":82,"covered":77,"skipped":0,"pct":93.9},"branches":{"total":60,"covered":52,"skipped":0,"pct":86.66}}
,"/Users/yusuke/.openclaw/workspace/DeadStockSolution/server/src/services/gs1-parser.ts": {"lines":{"total":97,"covered":97,"skipped":0,"pct":100},"functions":{"total":7,"covered":7,"skipped":0,"pct":100},"statements":{"total":110,"covered":108,"skipped":0,"pct":98.18},"branches":{"total":88,"covered":83,"skipped":0,"pct":94.31}}
,"/Users/yusuke/.openclaw/workspace/DeadStockSolution/server/src/services/import-failure-alert-scheduler.ts": {"lines":{"total":167,"covered":150,"skipped":0,"pct":89.82},"functions":{"total":28,"covered":27,"skipped":0,"pct":96.42},"statements":{"total":168,"covered":150,"skipped":0,"pct":89.28},"branches":{"total":98,"covered":87,"skipped":0,"pct":88.77}}
,"/Users/yusuke/.openclaw/workspace/DeadStockSolution/server/src/services/log-center-service.ts": {"lines":{"total":170,"covered":144,"skipped":0,"pct":84.7},"functions":{"total":24,"covered":23,"skipped":0,"pct":95.83},"statements":{"total":183,"covered":155,"skipped":0,"pct":84.69},"branches":{"total":157,"covered":130,"skipped":0,"pct":82.8}}
,"/Users/yusuke/.openclaw/workspace/DeadStockSolution/server/src/services/log-service.ts": {"lines":{"total":17,"covered":17,"skipped":0,"pct":100},"functions":{"total":3,"covered":3,"skipped":0,"pct":100},"statements":{"total":17,"covered":17,"skipped":0,"pct":100},"branches":{"total":39,"covered":38,"skipped":0,"pct":97.43}}
,"/Users/yusuke/.openclaw/workspace/DeadStockSolution/server/src/services/logger.ts": {"lines":{"total":23,"covered":23,"skipped":0,"pct":100},"functions":{"total":7,"covered":7,"skipped":0,"pct":100},"statements":{"total":23,"covered":23,"skipped":0,"pct":100},"branches":{"total":28,"covered":25,"skipped":0,"pct":89.28}}
,"/Users/yusuke/.openclaw/workspace/DeadStockSolution/server/src/services/matching-filter-service.ts": {"lines":{"total":55,"covered":55,"skipped":0,"pct":100},"functions":{"total":12,"covered":11,"skipped":0,"pct":91.66},"statements":{"total":65,"covered":61,"skipped":0,"pct":93.84},"branches":{"total":24,"covered":14,"skipped":0,"pct":58.33}}
,"/Users/yusuke/.openclaw/workspace/DeadStockSolution/server/src/services/matching-priority-service.ts": {"lines":{"total":59,"covered":58,"skipped":0,"pct":98.3},"functions":{"total":15,"covered":14,"skipped":0,"pct":93.33},"statements":{"total":64,"covered":63,"skipped":0,"pct":98.43},"branches":{"total":34,"covered":26,"skipped":0,"pct":76.47}}
,"/Users/yusuke/.openclaw/workspace/DeadStockSolution/server/src/services/matching-refresh-scheduler.ts": {"lines":{"total":51,"covered":51,"skipped":0,"pct":100},"functions":{"total":9,"covered":9,"skipped":0,"pct":100},"statements":{"total":54,"covered":51,"skipped":0,"pct":94.44},"branches":{"total":23,"covered":19,"skipped":0,"pct":82.6}}
,"/Users/yusuke/.openclaw/workspace/DeadStockSolution/server/src/services/matching-refresh-service.ts": {"lines":{"total":111,"covered":109,"skipped":0,"pct":98.19},"functions":{"total":16,"covered":16,"skipped":0,"pct":100},"statements":{"total":121,"covered":117,"skipped":0,"pct":96.69},"branches":{"total":45,"covered":38,"skipped":0,"pct":84.44}}
,"/Users/yusuke/.openclaw/workspace/DeadStockSolution/server/src/services/matching-rule-service.ts": {"lines":{"total":103,"covered":102,"skipped":0,"pct":99.02},"functions":{"total":17,"covered":17,"skipped":0,"pct":100},"statements":{"total":104,"covered":103,"skipped":0,"pct":99.03},"branches":{"total":82,"covered":75,"skipped":0,"pct":91.46}}
,"/Users/yusuke/.openclaw/workspace/DeadStockSolution/server/src/services/matching-score-service.ts": {"lines":{"total":161,"covered":156,"skipped":0,"pct":96.89},"functions":{"total":25,"covered":24,"skipped":0,"pct":96},"statements":{"total":187,"covered":173,"skipped":0,"pct":92.51},"branches":{"total":122,"covered":104,"skipped":0,"pct":85.24}}
,"/Users/yusuke/.openclaw/workspace/DeadStockSolution/server/src/services/matching-service.ts": {"lines":{"total":81,"covered":80,"skipped":0,"pct":98.76},"functions":{"total":9,"covered":9,"skipped":0,"pct":100},"statements":{"total":92,"covered":90,"skipped":0,"pct":97.82},"branches":{"total":34,"covered":32,"skipped":0,"pct":94.11}}
,"/Users/yusuke/.openclaw/workspace/DeadStockSolution/server/src/services/matching-snapshot-service.ts": {"lines":{"total":72,"covered":72,"skipped":0,"pct":100},"functions":{"total":28,"covered":28,"skipped":0,"pct":100},"statements":{"total":81,"covered":81,"skipped":0,"pct":100},"branches":{"total":31,"covered":30,"skipped":0,"pct":96.77}}
,"/Users/yusuke/.openclaw/workspace/DeadStockSolution/server/src/services/mhlw-index-scraper.ts": {"lines":{"total":90,"covered":89,"skipped":0,"pct":98.88},"functions":{"total":13,"covered":13,"skipped":0,"pct":100},"statements":{"total":101,"covered":100,"skipped":0,"pct":99},"branches":{"total":80,"covered":76,"skipped":0,"pct":95}}
,"/Users/yusuke/.openclaw/workspace/DeadStockSolution/server/src/services/mhlw-multi-file-fetcher.ts": {"lines":{"total":81,"covered":74,"skipped":0,"pct":91.35},"functions":{"total":17,"covered":16,"skipped":0,"pct":94.11},"statements":{"total":88,"covered":80,"skipped":0,"pct":90.9},"branches":{"total":30,"covered":23,"skipped":0,"pct":76.66}}
,"/Users/yusuke/.openclaw/workspace/DeadStockSolution/server/src/services/mhlw-source-fetch.ts": {"lines":{"total":19,"covered":19,"skipped":0,"pct":100},"functions":{"total":2,"covered":2,"skipped":0,"pct":100},"statements":{"total":19,"covered":19,"skipped":0,"pct":100},"branches":{"total":14,"covered":14,"skipped":0,"pct":100}}
,"/Users/yusuke/.openclaw/workspace/DeadStockSolution/server/src/services/monitoring-kpi-alert-scheduler.ts": {"lines":{"total":137,"covered":48,"skipped":0,"pct":35.03},"functions":{"total":18,"covered":7,"skipped":0,"pct":38.88},"statements":{"total":143,"covered":48,"skipped":0,"pct":33.56},"branches":{"total":85,"covered":19,"skipped":0,"pct":22.35}}
,"/Users/yusuke/.openclaw/workspace/DeadStockSolution/server/src/services/monitoring-kpi-service.ts": {"lines":{"total":23,"covered":23,"skipped":0,"pct":100},"functions":{"total":4,"covered":4,"skipped":0,"pct":100},"statements":{"total":25,"covered":23,"skipped":0,"pct":92},"branches":{"total":19,"covered":14,"skipped":0,"pct":73.68}}
,"/Users/yusuke/.openclaw/workspace/DeadStockSolution/server/src/services/monthly-report-scheduler.ts": {"lines":{"total":40,"covered":38,"skipped":0,"pct":95},"functions":{"total":6,"covered":5,"skipped":0,"pct":83.33},"statements":{"total":40,"covered":38,"skipped":0,"pct":95},"branches":{"total":14,"covered":12,"skipped":0,"pct":85.71}}
,"/Users/yusuke/.openclaw/workspace/DeadStockSolution/server/src/services/monthly-report-service.ts": {"lines":{"total":39,"covered":39,"skipped":0,"pct":100},"functions":{"total":11,"covered":11,"skipped":0,"pct":100},"statements":{"total":39,"covered":39,"skipped":0,"pct":100},"branches":{"total":43,"covered":32,"skipped":0,"pct":74.41}}
,"/Users/yusuke/.openclaw/workspace/DeadStockSolution/server/src/services/notification-service.ts": {"lines":{"total":82,"covered":66,"skipped":0,"pct":80.48},"functions":{"total":22,"covered":22,"skipped":0,"pct":100},"statements":{"total":92,"covered":73,"skipped":0,"pct":79.34},"branches":{"total":55,"covered":36,"skipped":0,"pct":65.45}}
,"/Users/yusuke/.openclaw/workspace/DeadStockSolution/server/src/services/observability-service.ts": {"lines":{"total":48,"covered":48,"skipped":0,"pct":100},"functions":{"total":10,"covered":10,"skipped":0,"pct":100},"statements":{"total":57,"covered":56,"skipped":0,"pct":98.24},"branches":{"total":25,"covered":23,"skipped":0,"pct":92}}
,"/Users/yusuke/.openclaw/workspace/DeadStockSolution/server/src/services/openclaw-auto-handoff-service.ts": {"lines":{"total":31,"covered":26,"skipped":0,"pct":83.87},"functions":{"total":7,"covered":7,"skipped":0,"pct":100},"statements":{"total":31,"covered":26,"skipped":0,"pct":83.87},"branches":{"total":12,"covered":9,"skipped":0,"pct":75}}
,"/Users/yusuke/.openclaw/workspace/DeadStockSolution/server/src/services/openclaw-command-service.ts": {"lines":{"total":87,"covered":77,"skipped":0,"pct":88.5},"functions":{"total":15,"covered":15,"skipped":0,"pct":100},"statements":{"total":87,"covered":77,"skipped":0,"pct":88.5},"branches":{"total":46,"covered":30,"skipped":0,"pct":65.21}}
,"/Users/yusuke/.openclaw/workspace/DeadStockSolution/server/src/services/openclaw-error-autofix-service.ts": {"lines":{"total":37,"covered":34,"skipped":0,"pct":91.89},"functions":{"total":7,"covered":7,"skipped":0,"pct":100},"statements":{"total":40,"covered":37,"skipped":0,"pct":92.5},"branches":{"total":22,"covered":17,"skipped":0,"pct":77.27}}
,"/Users/yusuke/.openclaw/workspace/DeadStockSolution/server/src/services/openclaw-handoff-executor.ts": {"lines":{"total":7,"covered":7,"skipped":0,"pct":100},"functions":{"total":2,"covered":2,"skipped":0,"pct":100},"statements":{"total":7,"covered":7,"skipped":0,"pct":100},"branches":{"total":2,"covered":2,"skipped":0,"pct":100}}
,"/Users/yusuke/.openclaw/workspace/DeadStockSolution/server/src/services/openclaw-handoff-helpers.ts": {"lines":{"total":42,"covered":39,"skipped":0,"pct":92.85},"functions":{"total":16,"covered":16,"skipped":0,"pct":100},"statements":{"total":43,"covered":40,"skipped":0,"pct":93.02},"branches":{"total":39,"covered":36,"skipped":0,"pct":92.3}}
,"/Users/yusuke/.openclaw/workspace/DeadStockSolution/server/src/services/openclaw-handoff.ts": {"lines":{"total":110,"covered":107,"skipped":0,"pct":97.27},"functions":{"total":9,"covered":7,"skipped":0,"pct":77.77},"statements":{"total":115,"covered":110,"skipped":0,"pct":95.65},"branches":{"total":58,"covered":55,"skipped":0,"pct":94.82}}
,"/Users/yusuke/.openclaw/workspace/DeadStockSolution/server/src/services/openclaw-log-context-service.ts": {"lines":{"total":27,"covered":27,"skipped":0,"pct":100},"functions":{"total":6,"covered":6,"skipped":0,"pct":100},"statements":{"total":31,"covered":29,"skipped":0,"pct":93.54},"branches":{"total":9,"covered":6,"skipped":0,"pct":66.66}}
,"/Users/yusuke/.openclaw/workspace/DeadStockSolution/server/src/services/openclaw-log-push-service.ts": {"lines":{"total":56,"covered":53,"skipped":0,"pct":94.64},"functions":{"total":14,"covered":12,"skipped":0,"pct":85.71},"statements":{"total":62,"covered":59,"skipped":0,"pct":95.16},"branches":{"total":29,"covered":27,"skipped":0,"pct":93.1}}
,"/Users/yusuke/.openclaw/workspace/DeadStockSolution/server/src/services/openclaw-service.ts": {"lines":{"total":0,"covered":0,"skipped":0,"pct":100},"functions":{"total":0,"covered":0,"skipped":0,"pct":100},"statements":{"total":0,"covered":0,"skipped":0,"pct":100},"branches":{"total":0,"covered":0,"skipped":0,"pct":100}}
,"/Users/yusuke/.openclaw/workspace/DeadStockSolution/server/src/services/openclaw-status.ts": {"lines":{"total":96,"covered":94,"skipped":0,"pct":97.91},"functions":{"total":31,"covered":31,"skipped":0,"pct":100},"statements":{"total":105,"covered":103,"skipped":0,"pct":98.09},"branches":{"total":83,"covered":80,"skipped":0,"pct":96.38}}
,"/Users/yusuke/.openclaw/workspace/DeadStockSolution/server/src/services/openclaw-webhook-handler.ts": {"lines":{"total":45,"covered":43,"skipped":0,"pct":95.55},"functions":{"total":5,"covered":5,"skipped":0,"pct":100},"statements":{"total":45,"covered":43,"skipped":0,"pct":95.55},"branches":{"total":45,"covered":43,"skipped":0,"pct":95.55}}
,"/Users/yusuke/.openclaw/workspace/DeadStockSolution/server/src/services/password-reset-service.ts": {"lines":{"total":36,"covered":35,"skipped":0,"pct":97.22},"functions":{"total":7,"covered":7,"skipped":0,"pct":100},"statements":{"total":36,"covered":35,"skipped":0,"pct":97.22},"branches":{"total":12,"covered":10,"skipped":0,"pct":83.33}}
,"/Users/yusuke/.openclaw/workspace/DeadStockSolution/server/src/services/pharmacy-verification-callback-service.ts": {"lines":{"total":10,"covered":10,"skipped":0,"pct":100},"functions":{"total":3,"covered":3,"skipped":0,"pct":100},"statements":{"total":12,"covered":12,"skipped":0,"pct":100},"branches":{"total":10,"covered":9,"skipped":0,"pct":90}}
,"/Users/yusuke/.openclaw/workspace/DeadStockSolution/server/src/services/pharmacy-verification-service.ts": {"lines":{"total":47,"covered":47,"skipped":0,"pct":100},"functions":{"total":10,"covered":10,"skipped":0,"pct":100},"statements":{"total":48,"covered":48,"skipped":0,"pct":100},"branches":{"total":26,"covered":26,"skipped":0,"pct":100}}
,"/Users/yusuke/.openclaw/workspace/DeadStockSolution/server/src/services/predictive-alert-service.ts": {"lines":{"total":122,"covered":109,"skipped":0,"pct":89.34},"functions":{"total":25,"covered":24,"skipped":0,"pct":96},"statements":{"total":138,"covered":119,"skipped":0,"pct":86.23},"branches":{"total":85,"covered":59,"skipped":0,"pct":69.41}}
,"/Users/yusuke/.openclaw/workspace/DeadStockSolution/server/src/services/proposal-priority-service.ts": {"lines":{"total":54,"covered":54,"skipped":0,"pct":100},"functions":{"total":6,"covered":6,"skipped":0,"pct":100},"statements":{"total":61,"covered":61,"skipped":0,"pct":100},"branches":{"total":54,"covered":53,"skipped":0,"pct":98.14}}
,"/Users/yusuke/.openclaw/workspace/DeadStockSolution/server/src/services/proposal-timeline-service.ts": {"lines":{"total":27,"covered":26,"skipped":0,"pct":96.29},"functions":{"total":5,"covered":4,"skipped":0,"pct":80},"statements":{"total":30,"covered":29,"skipped":0,"pct":96.66},"branches":{"total":27,"covered":26,"skipped":0,"pct":96.29}}
,"/Users/yusuke/.openclaw/workspace/DeadStockSolution/server/src/services/registration-screening-service.ts": {"lines":{"total":35,"covered":32,"skipped":0,"pct":91.42},"functions":{"total":5,"covered":5,"skipped":0,"pct":100},"statements":{"total":35,"covered":32,"skipped":0,"pct":91.42},"branches":{"total":19,"covered":15,"skipped":0,"pct":78.94}}
,"/Users/yusuke/.openclaw/workspace/DeadStockSolution/server/src/services/source-update-detection.ts": {"lines":{"total":13,"covered":13,"skipped":0,"pct":100},"functions":{"total":1,"covered":1,"skipped":0,"pct":100},"statements":{"total":13,"covered":13,"skipped":0,"pct":100},"branches":{"total":16,"covered":16,"skipped":0,"pct":100}}
,"/Users/yusuke/.openclaw/workspace/DeadStockSolution/server/src/services/stripe-service.ts": {"lines":{"total":87,"covered":40,"skipped":0,"pct":45.97},"functions":{"total":13,"covered":6,"skipped":0,"pct":46.15},"statements":{"total":90,"covered":40,"skipped":0,"pct":44.44},"branches":{"total":124,"covered":44,"skipped":0,"pct":35.48}}
,"/Users/yusuke/.openclaw/workspace/DeadStockSolution/server/src/services/system-event-service.ts": {"lines":{"total":27,"covered":27,"skipped":0,"pct":100},"functions":{"total":7,"covered":7,"skipped":0,"pct":100},"statements":{"total":30,"covered":29,"skipped":0,"pct":96.66},"branches":{"total":54,"covered":51,"skipped":0,"pct":94.44}}
,"/Users/yusuke/.openclaw/workspace/DeadStockSolution/server/src/services/timeline-aggregators.ts": {"lines":{"total":126,"covered":124,"skipped":0,"pct":98.41},"functions":{"total":43,"covered":41,"skipped":0,"pct":95.34},"statements":{"total":142,"covered":139,"skipped":0,"pct":97.88},"branches":{"total":66,"covered":65,"skipped":0,"pct":98.48}}
,"/Users/yusuke/.openclaw/workspace/DeadStockSolution/server/src/services/timeline-priority-engine.ts": {"lines":{"total":21,"covered":21,"skipped":0,"pct":100},"functions":{"total":1,"covered":1,"skipped":0,"pct":100},"statements":{"total":21,"covered":21,"skipped":0,"pct":100},"branches":{"total":35,"covered":35,"skipped":0,"pct":100}}
,"/Users/yusuke/.openclaw/workspace/DeadStockSolution/server/src/services/timeline-service.ts": {"lines":{"total":55,"covered":54,"skipped":0,"pct":98.18},"functions":{"total":16,"covered":16,"skipped":0,"pct":100},"statements":{"total":62,"covered":59,"skipped":0,"pct":95.16},"branches":{"total":28,"covered":24,"skipped":0,"pct":85.71}}
,"/Users/yusuke/.openclaw/workspace/DeadStockSolution/server/src/services/timeline-unread-counts.ts": {"lines":{"total":34,"covered":34,"skipped":0,"pct":100},"functions":{"total":11,"covered":11,"skipped":0,"pct":100},"statements":{"total":36,"covered":36,"skipped":0,"pct":100},"branches":{"total":28,"covered":21,"skipped":0,"pct":75}}
,"/Users/yusuke/.openclaw/workspace/DeadStockSolution/server/src/services/trust-score-service.ts": {"lines":{"total":43,"covered":43,"skipped":0,"pct":100},"functions":{"total":12,"covered":12,"skipped":0,"pct":100},"statements":{"total":44,"covered":43,"skipped":0,"pct":97.72},"branches":{"total":38,"covered":34,"skipped":0,"pct":89.47}}
,"/Users/yusuke/.openclaw/workspace/DeadStockSolution/server/src/services/upload-confirm-job-service.ts": {"lines":{"total":0,"covered":0,"skipped":0,"pct":100},"functions":{"total":0,"covered":0,"skipped":0,"pct":100},"statements":{"total":0,"covered":0,"skipped":0,"pct":100},"branches":{"total":0,"covered":0,"skipped":0,"pct":100}}
,"/Users/yusuke/.openclaw/workspace/DeadStockSolution/server/src/services/upload-confirm-service.ts": {"lines":{"total":82,"covered":82,"skipped":0,"pct":100},"functions":{"total":24,"covered":24,"skipped":0,"pct":100},"statements":{"total":90,"covered":88,"skipped":0,"pct":97.77},"branches":{"total":79,"covered":66,"skipped":0,"pct":83.54}}
,"/Users/yusuke/.openclaw/workspace/DeadStockSolution/server/src/services/upload-diff-analyzer.ts": {"lines":{"total":16,"covered":15,"skipped":0,"pct":93.75},"functions":{"total":1,"covered":1,"skipped":0,"pct":100},"statements":{"total":16,"covered":15,"skipped":0,"pct":93.75},"branches":{"total":4,"covered":3,"skipped":0,"pct":75}}
,"/Users/yusuke/.openclaw/workspace/DeadStockSolution/server/src/services/upload-diff-batch.ts": {"lines":{"total":13,"covered":13,"skipped":0,"pct":100},"functions":{"total":10,"covered":10,"skipped":0,"pct":100},"statements":{"total":15,"covered":15,"skipped":0,"pct":100},"branches":{"total":12,"covered":12,"skipped":0,"pct":100}}
,"/Users/yusuke/.openclaw/workspace/DeadStockSolution/server/src/services/upload-diff-builders.ts": {"lines":{"total":2,"covered":2,"skipped":0,"pct":100},"functions":{"total":2,"covered":2,"skipped":0,"pct":100},"statements":{"total":2,"covered":2,"skipped":0,"pct":100},"branches":{"total":12,"covered":12,"skipped":0,"pct":100}}
,"/Users/yusuke/.openclaw/workspace/DeadStockSolution/server/src/services/upload-diff-comparator.ts": {"lines":{"total":2,"covered":2,"skipped":0,"pct":100},"functions":{"total":2,"covered":2,"skipped":0,"pct":100},"statements":{"total":2,"covered":2,"skipped":0,"pct":100},"branches":{"total":15,"covered":8,"skipped":0,"pct":53.33}}
,"/Users/yusuke/.openclaw/workspace/DeadStockSolution/server/src/services/upload-diff-service.ts": {"lines":{"total":56,"covered":56,"skipped":0,"pct":100},"functions":{"total":24,"covered":24,"skipped":0,"pct":100},"statements":{"total":60,"covered":60,"skipped":0,"pct":100},"branches":{"total":20,"covered":18,"skipped":0,"pct":90}}
,"/Users/yusuke/.openclaw/workspace/DeadStockSolution/server/src/services/upload-diff-utils.ts": {"lines":{"total":15,"covered":15,"skipped":0,"pct":100},"functions":{"total":11,"covered":11,"skipped":0,"pct":100},"statements":{"total":17,"covered":17,"skipped":0,"pct":100},"branches":{"total":10,"covered":9,"skipped":0,"pct":90}}
,"/Users/yusuke/.openclaw/workspace/DeadStockSolution/server/src/services/upload-row-issue-service.ts": {"lines":{"total":52,"covered":52,"skipped":0,"pct":100},"functions":{"total":17,"covered":17,"skipped":0,"pct":100},"statements":{"total":56,"covered":56,"skipped":0,"pct":100},"branches":{"total":34,"covered":34,"skipped":0,"pct":100}}
,"/Users/yusuke/.openclaw/workspace/DeadStockSolution/server/src/services/upload-service.ts": {"lines":{"total":54,"covered":53,"skipped":0,"pct":98.14},"functions":{"total":12,"covered":12,"skipped":0,"pct":100},"statements":{"total":60,"covered":59,"skipped":0,"pct":98.33},"branches":{"total":31,"covered":29,"skipped":0,"pct":93.54}}
,"/Users/yusuke/.openclaw/workspace/DeadStockSolution/server/src/services/matching/matching-candidate-builder.ts": {"lines":{"total":63,"covered":41,"skipped":0,"pct":65.07},"functions":{"total":11,"covered":8,"skipped":0,"pct":72.72},"statements":{"total":73,"covered":48,"skipped":0,"pct":65.75},"branches":{"total":60,"covered":34,"skipped":0,"pct":56.66}}
,"/Users/yusuke/.openclaw/workspace/DeadStockSolution/server/src/services/matching/matching-data-fetcher.ts": {"lines":{"total":13,"covered":13,"skipped":0,"pct":100},"functions":{"total":3,"covered":3,"skipped":0,"pct":100},"statements":{"total":13,"covered":13,"skipped":0,"pct":100},"branches":{"total":6,"covered":5,"skipped":0,"pct":83.33}}
,"/Users/yusuke/.openclaw/workspace/DeadStockSolution/server/src/services/matching/matching-data-preparer.ts": {"lines":{"total":37,"covered":37,"skipped":0,"pct":100},"functions":{"total":9,"covered":9,"skipped":0,"pct":100},"statements":{"total":40,"covered":38,"skipped":0,"pct":95},"branches":{"total":20,"covered":18,"skipped":0,"pct":90}}
,"/Users/yusuke/.openclaw/workspace/DeadStockSolution/server/src/services/matching/matching-ranker.ts": {"lines":{"total":1,"covered":1,"skipped":0,"pct":100},"functions":{"total":1,"covered":1,"skipped":0,"pct":100},"statements":{"total":1,"covered":1,"skipped":0,"pct":100},"branches":{"total":0,"covered":0,"skipped":0,"pct":100}}
,"/Users/yusuke/.openclaw/workspace/DeadStockSolution/server/src/services/upload-confirm/upload-confirm-cancel-service.ts": {"lines":{"total":29,"covered":25,"skipped":0,"pct":86.2},"functions":{"total":6,"covered":6,"skipped":0,"pct":100},"statements":{"total":31,"covered":26,"skipped":0,"pct":83.87},"branches":{"total":28,"covered":22,"skipped":0,"pct":78.57}}
,"/Users/yusuke/.openclaw/workspace/DeadStockSolution/server/src/services/upload-confirm/upload-confirm-cleanup-service.ts": {"lines":{"total":12,"covered":11,"skipped":0,"pct":91.66},"functions":{"total":4,"covered":3,"skipped":0,"pct":75},"statements":{"total":13,"covered":12,"skipped":0,"pct":92.3},"branches":{"total":7,"covered":7,"skipped":0,"pct":100}}
,"/Users/yusuke/.openclaw/workspace/DeadStockSolution/server/src/services/upload-confirm/upload-confirm-enqueue-service.ts": {"lines":{"total":24,"covered":24,"skipped":0,"pct":100},"functions":{"total":5,"covered":5,"skipped":0,"pct":100},"statements":{"total":24,"covered":24,"skipped":0,"pct":100},"branches":{"total":18,"covered":17,"skipped":0,"pct":94.44}}
,"/Users/yusuke/.openclaw/workspace/DeadStockSolution/server/src/services/upload-confirm/upload-confirm-processor-service.ts": {"lines":{"total":99,"covered":98,"skipped":0,"pct":98.98},"functions":{"total":7,"covered":7,"skipped":0,"pct":100},"statements":{"total":100,"covered":98,"skipped":0,"pct":98},"branches":{"total":94,"covered":86,"skipped":0,"pct":91.48}}
,"/Users/yusuke/.openclaw/workspace/DeadStockSolution/server/src/services/upload-confirm/upload-confirm-query-service.ts": {"lines":{"total":62,"covered":54,"skipped":0,"pct":87.09},"functions":{"total":18,"covered":18,"skipped":0,"pct":100},"statements":{"total":69,"covered":59,"skipped":0,"pct":85.5},"branches":{"total":34,"covered":24,"skipped":0,"pct":70.58}}
,"/Users/yusuke/.openclaw/workspace/DeadStockSolution/server/src/services/upload-confirm/upload-confirm-queue-service.ts": {"lines":{"total":27,"covered":26,"skipped":0,"pct":96.29},"functions":{"total":6,"covered":6,"skipped":0,"pct":100},"statements":{"total":32,"covered":30,"skipped":0,"pct":93.75},"branches":{"total":18,"covered":16,"skipped":0,"pct":88.88}}
,"/Users/yusuke/.openclaw/workspace/DeadStockSolution/server/src/services/upload-confirm/upload-confirm-retry-service.ts": {"lines":{"total":19,"covered":19,"skipped":0,"pct":100},"functions":{"total":2,"covered":2,"skipped":0,"pct":100},"statements":{"total":19,"covered":19,"skipped":0,"pct":100},"branches":{"total":14,"covered":14,"skipped":0,"pct":100}}
,"/Users/yusuke/.openclaw/workspace/DeadStockSolution/server/src/services/upload-confirm/upload-confirm-types.ts": {"lines":{"total":52,"covered":52,"skipped":0,"pct":100},"functions":{"total":13,"covered":13,"skipped":0,"pct":100},"statements":{"total":53,"covered":53,"skipped":0,"pct":100},"branches":{"total":21,"covered":20,"skipped":0,"pct":95.23}}
,"/Users/yusuke/.openclaw/workspace/DeadStockSolution/server/src/types/index.ts": {"lines":{"total":2,"covered":2,"skipped":0,"pct":100},"functions":{"total":0,"covered":0,"skipped":0,"pct":100},"statements":{"total":2,"covered":2,"skipped":0,"pct":100},"branches":{"total":0,"covered":0,"skipped":0,"pct":100}}
,"/Users/yusuke/.openclaw/workspace/DeadStockSolution/server/src/types/timeline.ts": {"lines":{"total":5,"covered":5,"skipped":0,"pct":100},"functions":{"total":1,"covered":1,"skipped":0,"pct":100},"statements":{"total":5,"covered":5,"skipped":0,"pct":100},"branches":{"total":2,"covered":2,"skipped":0,"pct":100}}
,"/Users/yusuke/.openclaw/workspace/DeadStockSolution/server/src/utils/api-error.ts": {"lines":{"total":18,"covered":8,"skipped":0,"pct":44.44},"functions":{"total":10,"covered":9,"skipped":0,"pct":90},"statements":{"total":18,"covered":8,"skipped":0,"pct":44.44},"branches":{"total":13,"covered":3,"skipped":0,"pct":23.07}}
,"/Users/yusuke/.openclaw/workspace/DeadStockSolution/server/src/utils/array-utils.ts": {"lines":{"total":12,"covered":12,"skipped":0,"pct":100},"functions":{"total":2,"covered":2,"skipped":0,"pct":100},"statements":{"total":14,"covered":14,"skipped":0,"pct":100},"branches":{"total":4,"covered":4,"skipped":0,"pct":100}}
,"/Users/yusuke/.openclaw/workspace/DeadStockSolution/server/src/utils/business-hours-utils.ts": {"lines":{"total":98,"covered":97,"skipped":0,"pct":98.97},"functions":{"total":22,"covered":22,"skipped":0,"pct":100},"statements":{"total":111,"covered":108,"skipped":0,"pct":97.29},"branches":{"total":97,"covered":88,"skipped":0,"pct":90.72}}
,"/Users/yusuke/.openclaw/workspace/DeadStockSolution/server/src/utils/crypto-utils.ts": {"lines":{"total":1,"covered":1,"skipped":0,"pct":100},"functions":{"total":1,"covered":1,"skipped":0,"pct":100},"statements":{"total":1,"covered":1,"skipped":0,"pct":100},"branches":{"total":0,"covered":0,"skipped":0,"pct":100}}
,"/Users/yusuke/.openclaw/workspace/DeadStockSolution/server/src/utils/cursor-pagination.ts": {"lines":{"total":8,"covered":8,"skipped":0,"pct":100},"functions":{"total":2,"covered":2,"skipped":0,"pct":100},"statements":{"total":10,"covered":10,"skipped":0,"pct":100},"branches":{"total":8,"covered":8,"skipped":0,"pct":100}}
,"/Users/yusuke/.openclaw/workspace/DeadStockSolution/server/src/utils/db-utils.ts": {"lines":{"total":1,"covered":1,"skipped":0,"pct":100},"functions":{"total":0,"covered":0,"skipped":0,"pct":100},"statements":{"total":1,"covered":1,"skipped":0,"pct":100},"branches":{"total":0,"covered":0,"skipped":0,"pct":100}}
,"/Users/yusuke/.openclaw/workspace/DeadStockSolution/server/src/utils/email-utils.ts": {"lines":{"total":2,"covered":2,"skipped":0,"pct":100},"functions":{"total":2,"covered":2,"skipped":0,"pct":100},"statements":{"total":2,"covered":2,"skipped":0,"pct":100},"branches":{"total":0,"covered":0,"skipped":0,"pct":100}}
,"/Users/yusuke/.openclaw/workspace/DeadStockSolution/server/src/utils/error-utils.ts": {"lines":{"total":2,"covered":2,"skipped":0,"pct":100},"functions":{"total":1,"covered":1,"skipped":0,"pct":100},"statements":{"total":3,"covered":3,"skipped":0,"pct":100},"branches":{"total":2,"covered":2,"skipped":0,"pct":100}}
,"/Users/yusuke/.openclaw/workspace/DeadStockSolution/server/src/utils/geo-utils.ts": {"lines":{"total":7,"covered":7,"skipped":0,"pct":100},"functions":{"total":2,"covered":2,"skipped":0,"pct":100},"statements":{"total":7,"covered":7,"skipped":0,"pct":100},"branches":{"total":0,"covered":0,"skipped":0,"pct":100}}
,"/Users/yusuke/.openclaw/workspace/DeadStockSolution/server/src/utils/http-utils.ts": {"lines":{"total":69,"covered":69,"skipped":0,"pct":100},"functions":{"total":13,"covered":12,"skipped":0,"pct":92.3},"statements":{"total":74,"covered":73,"skipped":0,"pct":98.64},"branches":{"total":44,"covered":42,"skipped":0,"pct":95.45}}
,"/Users/yusuke/.openclaw/workspace/DeadStockSolution/server/src/utils/job-retry-utils.ts": {"lines":{"total":4,"covered":4,"skipped":0,"pct":100},"functions":{"total":2,"covered":2,"skipped":0,"pct":100},"statements":{"total":5,"covered":5,"skipped":0,"pct":100},"branches":{"total":2,"covered":2,"skipped":0,"pct":100}}
,"/Users/yusuke/.openclaw/workspace/DeadStockSolution/server/src/utils/kana-utils.ts": {"lines":{"total":22,"covered":22,"skipped":0,"pct":100},"functions":{"total":6,"covered":6,"skipped":0,"pct":100},"statements":{"total":23,"covered":23,"skipped":0,"pct":100},"branches":{"total":10,"covered":10,"skipped":0,"pct":100}}
,"/Users/yusuke/.openclaw/workspace/DeadStockSolution/server/src/utils/network-utils.ts": {"lines":{"total":136,"covered":133,"skipped":0,"pct":97.79},"functions":{"total":32,"covered":32,"skipped":0,"pct":100},"statements":{"total":166,"covered":158,"skipped":0,"pct":95.18},"branches":{"total":128,"covered":116,"skipped":0,"pct":90.62}}
,"/Users/yusuke/.openclaw/workspace/DeadStockSolution/server/src/utils/number-utils.ts": {"lines":{"total":10,"covered":10,"skipped":0,"pct":100},"functions":{"total":2,"covered":2,"skipped":0,"pct":100},"statements":{"total":15,"covered":15,"skipped":0,"pct":100},"branches":{"total":12,"covered":12,"skipped":0,"pct":100}}
,"/Users/yusuke/.openclaw/workspace/DeadStockSolution/server/src/utils/package-utils.ts": {"lines":{"total":63,"covered":58,"skipped":0,"pct":92.06},"functions":{"total":7,"covered":7,"skipped":0,"pct":100},"statements":{"total":89,"covered":84,"skipped":0,"pct":94.38},"branches":{"total":96,"covered":90,"skipped":0,"pct":93.75}}
,"/Users/yusuke/.openclaw/workspace/DeadStockSolution/server/src/utils/path-utils.ts": {"lines":{"total":8,"covered":8,"skipped":0,"pct":100},"functions":{"total":2,"covered":2,"skipped":0,"pct":100},"statements":{"total":14,"covered":13,"skipped":0,"pct":92.85},"branches":{"total":16,"covered":15,"skipped":0,"pct":93.75}}
,"/Users/yusuke/.openclaw/workspace/DeadStockSolution/server/src/utils/postal-code.ts": {"lines":{"total":19,"covered":19,"skipped":0,"pct":100},"functions":{"total":2,"covered":2,"skipped":0,"pct":100},"statements":{"total":20,"covered":19,"skipped":0,"pct":95},"branches":{"total":6,"covered":5,"skipped":0,"pct":83.33}}
,"/Users/yusuke/.openclaw/workspace/DeadStockSolution/server/src/utils/prefectures.ts": {"lines":{"total":6,"covered":6,"skipped":0,"pct":100},"functions":{"total":2,"covered":2,"skipped":0,"pct":100},"statements":{"total":6,"covered":6,"skipped":0,"pct":100},"branches":{"total":2,"covered":2,"skipped":0,"pct":100}}
,"/Users/yusuke/.openclaw/workspace/DeadStockSolution/server/src/utils/request-utils.ts": {"lines":{"total":27,"covered":27,"skipped":0,"pct":100},"functions":{"total":8,"covered":8,"skipped":0,"pct":100},"statements":{"total":35,"covered":35,"skipped":0,"pct":100},"branches":{"total":35,"covered":35,"skipped":0,"pct":100}}
,"/Users/yusuke/.openclaw/workspace/DeadStockSolution/server/src/utils/string-utils.ts": {"lines":{"total":16,"covered":16,"skipped":0,"pct":100},"functions":{"total":2,"covered":2,"skipped":0,"pct":100},"statements":{"total":19,"covered":18,"skipped":0,"pct":94.73},"branches":{"total":17,"covered":14,"skipped":0,"pct":82.35}}
,"/Users/yusuke/.openclaw/workspace/DeadStockSolution/server/src/utils/trust-proxy.ts": {"lines":{"total":9,"covered":9,"skipped":0,"pct":100},"functions":{"total":1,"covered":1,"skipped":0,"pct":100},"statements":{"total":9,"covered":9,"skipped":0,"pct":100},"branches":{"total":17,"covered":17,"skipped":0,"pct":100}}
,"/Users/yusuke/.openclaw/workspace/DeadStockSolution/server/src/utils/type-guards.ts": {"lines":{"total":1,"covered":1,"skipped":0,"pct":100},"functions":{"total":1,"covered":1,"skipped":0,"pct":100},"statements":{"total":1,"covered":1,"skipped":0,"pct":100},"branches":{"total":2,"covered":2,"skipped":0,"pct":100}}
,"/Users/yusuke/.openclaw/workspace/DeadStockSolution/server/src/utils/upload-diff-utils.ts": {"lines":{"total":22,"covered":22,"skipped":0,"pct":100},"functions":{"total":8,"covered":8,"skipped":0,"pct":100},"statements":{"total":27,"covered":27,"skipped":0,"pct":100},"branches":{"total":21,"covered":21,"skipped":0,"pct":100}}
,"/Users/yusuke/.openclaw/workspace/DeadStockSolution/server/src/utils/validators.ts": {"lines":{"total":18,"covered":18,"skipped":0,"pct":100},"functions":{"total":6,"covered":6,"skipped":0,"pct":100},"statements":{"total":20,"covered":20,"skipped":0,"pct":100},"branches":{"total":6,"covered":5,"skipped":0,"pct":83.33}}
}
