TN:
SF:src/utils/navigation.ts
FN:1,hasControlChars
FN:9,sanitizeInternalPathInternal
FN:20,sanitizeInternalPath
FNF:3
FNH:3
FNDA:31,hasControlChars
FNDA:70,sanitizeInternalPathInternal
FNDA:57,sanitizeInternalPath
DA:2,31
DA:3,123
DA:4,123
DA:6,29
DA:10,70
DA:11,67
DA:12,67
DA:13,38
DA:14,34
DA:15,32
DA:16,31
DA:17,29
DA:21,57
DA:22,13
DA:23,13
DA:24,1
LF:16
LH:16
BRDA:4,0,0,2
BRDA:4,0,1,121
BRDA:4,1,0,123
BRDA:4,1,1,122
BRDA:10,2,0,3
BRDA:10,2,1,67
BRDA:12,3,0,29
BRDA:12,3,1,38
BRDA:13,4,0,4
BRDA:13,4,1,34
BRDA:14,5,0,2
BRDA:14,5,1,32
BRDA:15,6,0,1
BRDA:15,6,1,31
BRDA:16,7,0,2
BRDA:16,7,1,29
BRDA:21,8,0,44
BRDA:21,8,1,13
BRDA:21,9,0,44
BRDA:21,9,1,29
BRDA:23,10,0,12
BRDA:23,10,1,1
BRDA:23,11,0,12
BRDA:23,11,1,10
BRDA:24,12,0,1
BRDA:24,12,1,1
BRF:26
BRH:26
end_of_record
TN:
SF:src/utils/proposal-status.ts
FN:11,proposalStatusLabel
FN:15,toViewerProposalStatusLabel
FN:31,proposalStatusStyle
FNF:3
FNH:3
FNDA:22,proposalStatusLabel
FNDA:18,toViewerProposalStatusLabel
FNDA:4,proposalStatusStyle
DA:1,2
DA:12,22
DA:16,18
DA:17,16
DA:18,14
DA:21,2
DA:32,4
LF:7
LH:7
BRDA:12,0,0,22
BRDA:12,0,1,1
BRDA:16,1,0,2
BRDA:16,1,1,16
BRDA:16,2,0,1
BRDA:16,2,1,1
BRDA:17,3,0,2
BRDA:17,3,1,14
BRDA:17,4,0,1
BRDA:17,4,1,1
BRDA:32,5,0,4
BRDA:32,5,1,1
BRF:12
BRH:12
end_of_record
TN:
SF:src/utils/proposal-timeline.ts
FN:27,shouldShowProposalTimelineEvent
FN:34,filterProposalTimelineEvents
FN:38,(anonymous_2)
FNF:3
FNH:3
FNDA:25,shouldShowProposalTimelineEvent
FNDA:29,filterProposalTimelineEvents
FNDA:17,(anonymous_2)
DA:16,2
DA:21,2
DA:31,25
DA:38,29
LF:4
LH:4
BRDA:31,0,0,25
BRDA:31,0,1,13
BRF:2
BRH:2
end_of_record
